#
# There is insufficient memory for the Java Runtime Environment to continue.
# Native memory allocation (malloc) failed to allocate 32744 bytes. Error detail: Chunk::new
# Possible reasons:
#   The system is out of physical RAM or swap space
#   This process is running with CompressedOops enabled, and the Java Heap may be blocking the growth of the native heap
# Possible solutions:
#   Reduce memory load on the system
#   Increase physical memory or swap space
#   Check if swap backing store is full
#   Decrease Java heap size (-Xmx/-Xms)
#   Decrease number of Java threads
#   Decrease Java thread stack sizes (-Xss)
#   Set larger code cache with -XX:ReservedCodeCacheSize=
#   JVM is running with Unscaled Compressed Oops mode in which the Java heap is
#     placed in the first 4GB address space. The Java Heap base address is the
#     maximum limit for the native heap growth. Please use -XX:HeapBaseMinAddress
#     to set the Java Heap base and to place the Java Heap above 4GB virtual address.
# This output file may be truncated or incomplete.
#
#  Out of Memory Error (arena.cpp:168), pid=28048, tid=40392
#
# JRE version: OpenJDK Runtime Environment Temurin-21.0.8+9 (21.0.8+9) (build 21.0.8+9-LTS)
# Java VM: OpenJDK 64-Bit Server VM Temurin-21.0.8+9 (21.0.8+9-LTS, mixed mode, sharing, tiered, compressed oops, compressed class ptrs, g1 gc, windows-amd64)
# No core dump will be written. Minidumps are not enabled by default on client versions of Windows
#

---------------  S U M M A R Y ------------

Command Line: -ea -Dfile.encoding=UTF-8 -Dstdout.encoding=UTF-8 -Dstderr.encoding=UTF-8 -XX:+ShowCodeDetailsInExceptionMessages org.testng.remote.RemoteTestNG -serport 50650 -protocol json -d C:\Users\SandraSatheesh\OneDrive - Testing Mavens LLC\Desktop\Eclipse\GroceryApplications\test-output C:\Users\SandraSatheesh\OneDrive - Testing Mavens LLC\Desktop\Eclipse\GroceryApplications\parallel.xml

Host: 11th Gen Intel(R) Core(TM) i5-1135G7 @ 2.40GHz, 8 cores, 7G,  Windows 11 , 64 bit Build 26100 (10.0.26100.5074)
Time: Mon Oct 27 07:48:36 2025 India Standard Time elapsed time: 268.188331 seconds (0d 0h 4m 28s)

---------------  T H R E A D  ---------------

Current thread (0x000001e738add860):  JavaThread "C2 CompilerThread0" daemon [_thread_in_native, id=40392, stack(0x0000009a89000000,0x0000009a89100000) (1024K)]


Current CompileTask:
C2:268188 5287 %     4       org.testng.shaded.com.google.gson.stream.JsonWriter::string @ 37 (171 bytes)

Stack: [0x0000009a89000000,0x0000009a89100000]
Native frames: (J=compiled Java code, j=interpreted, Vv=VM code, C=native code)
V  [jvm.dll+0x6d2449]
V  [jvm.dll+0x8ae341]
V  [jvm.dll+0x8b08be]
V  [jvm.dll+0x8b0fa3]
V  [jvm.dll+0x280c96]
V  [jvm.dll+0xc581d]
V  [jvm.dll+0xc5d53]
V  [jvm.dll+0x65adbb]
V  [jvm.dll+0x65af5f]
V  [jvm.dll+0x660a09]
V  [jvm.dll+0x6619f6]
V  [jvm.dll+0x65fd8e]
V  [jvm.dll+0x248d55]
V  [jvm.dll+0x2484af]
V  [jvm.dll+0x1c89ee]
V  [jvm.dll+0x257d4d]
V  [jvm.dll+0x2562ea]
V  [jvm.dll+0x3f2d16]
V  [jvm.dll+0x857e6b]
V  [jvm.dll+0x6d0b0d]
C  [ucrtbase.dll+0x37b0]
C  [KERNEL32.DLL+0x2e8d7]
C  [ntdll.dll+0x8d9c]


---------------  P R O C E S S  ---------------

Threads class SMR info:
_java_thread_list=0x000001e7003effe0, length=44, elements={
0x000001e720ceb2f0, 0x000001e738ac1130, 0x000001e738ac1b80, 0x000001e738ac5100,
0x000001e738ac7f80, 0x000001e738ac8790, 0x000001e738ad1ea0, 0x000001e738add860,
0x000001e738b10090, 0x000001e738c40430, 0x000001e738c3e360, 0x000001e738c3d640,
0x000001e738c3dcd0, 0x000001e738c3fda0, 0x000001e77f282b00, 0x000001e77f27f680,
0x000001e77f281de0, 0x000001e77f283190, 0x000001e77f283eb0, 0x000001e77f284540,
0x000001e77f2810c0, 0x000001e738bf3e40, 0x000001e738bf44d0, 0x000001e738bf51f0,
0x000001e77f284bd0, 0x000001e77f281750, 0x000001e77f285260, 0x000001e77f25eb10,
0x000001e77f25e480, 0x000001e77f25f1a0, 0x000001e77f25ddf0, 0x000001e77f262620,
0x000001e77f263340, 0x000001e77f261f90, 0x000001e77f262cb0, 0x000001e77f260be0,
0x000001e77f25fec0, 0x000001e77f2639d0, 0x000001e77f2646f0, 0x000001e77f261900,
0x000001e738bf65a0, 0x000001e738bf37b0, 0x000001e738bf6c30, 0x000001e738bf4b60
}

Java Threads: ( => current thread )
  0x000001e720ceb2f0 JavaThread "main"                              [_thread_in_native, id=48212, stack(0x0000009a88200000,0x0000009a88300000) (1024K)]
  0x000001e738ac1130 JavaThread "Reference Handler"          daemon [_thread_blocked, id=30184, stack(0x0000009a88a00000,0x0000009a88b00000) (1024K)]
  0x000001e738ac1b80 JavaThread "Finalizer"                  daemon [_thread_blocked, id=55232, stack(0x0000009a88b00000,0x0000009a88c00000) (1024K)]
  0x000001e738ac5100 JavaThread "Signal Dispatcher"          daemon [_thread_blocked, id=24336, stack(0x0000009a88c00000,0x0000009a88d00000) (1024K)]
  0x000001e738ac7f80 JavaThread "Attach Listener"            daemon [_thread_blocked, id=53960, stack(0x0000009a88d00000,0x0000009a88e00000) (1024K)]
  0x000001e738ac8790 JavaThread "Service Thread"             daemon [_thread_blocked, id=48888, stack(0x0000009a88e00000,0x0000009a88f00000) (1024K)]
  0x000001e738ad1ea0 JavaThread "Monitor Deflation Thread"   daemon [_thread_blocked, id=47820, stack(0x0000009a88f00000,0x0000009a89000000) (1024K)]
=>0x000001e738add860 JavaThread "C2 CompilerThread0"         daemon [_thread_in_native, id=40392, stack(0x0000009a89000000,0x0000009a89100000) (1024K)]
  0x000001e738b10090 JavaThread "C1 CompilerThread0"         daemon [_thread_blocked, id=10956, stack(0x0000009a89100000,0x0000009a89200000) (1024K)]
  0x000001e738c40430 JavaThread "Notification Thread"        daemon [_thread_blocked, id=9332, stack(0x0000009a89200000,0x0000009a89300000) (1024K)]
  0x000001e738c3e360 JavaThread "Common-Cleaner"             daemon [_thread_blocked, id=56948, stack(0x0000009a89300000,0x0000009a89400000) (1024K)]
  0x000001e738c3d640 JavaThread "ForkJoinPool.commonPool-worker-1" daemon [_thread_blocked, id=36016, stack(0x0000009a89d00000,0x0000009a89e00000) (1024K)]
  0x000001e738c3dcd0 JavaThread "ForkJoinPool.commonPool-worker-2" daemon [_thread_blocked, id=21144, stack(0x0000009a89e00000,0x0000009a89f00000) (1024K)]
  0x000001e738c3fda0 JavaThread "HttpClient-1-SelectorManager" daemon [_thread_in_native, id=34696, stack(0x0000009a8a200000,0x0000009a8a300000) (1024K)]
  0x000001e77f282b00 JavaThread "External Process Output Forwarder - C:\Users\SandraSatheesh\.cache\selenium\geckodriver\win64\0.36.0\geckodriver.exe" daemon [_thread_in_native, id=55412, stack(0x0000009a8a300000,0x0000009a8a400000) (1024K)]
  0x000001e77f27f680 JavaThread "Driver Service Executor"    daemon [_thread_blocked, id=16000, stack(0x0000009a8a400000,0x0000009a8a500000) (1024K)]
  0x000001e77f281de0 JavaThread "Driver Service Executor"    daemon [_thread_blocked, id=56252, stack(0x0000009a8a500000,0x0000009a8a600000) (1024K)]
  0x000001e77f283190 JavaThread "CompletableFutureDelayScheduler" daemon [_thread_blocked, id=57080, stack(0x0000009a8a700000,0x0000009a8a800000) (1024K)]
  0x000001e77f283eb0 JavaThread "External Process Output Forwarder - C:\Users\SandraSatheesh\.cache\selenium\geckodriver\win64\0.36.0\geckodriver.exe" daemon [_thread_in_native, id=46496, stack(0x0000009a8ad00000,0x0000009a8ae00000) (1024K)]
  0x000001e77f284540 JavaThread "Driver Service Executor"    daemon [_thread_blocked, id=36136, stack(0x0000009a8ae00000,0x0000009a8af00000) (1024K)]
  0x000001e77f2810c0 JavaThread "Driver Service Executor"    daemon [_thread_blocked, id=55920, stack(0x0000009a8af00000,0x0000009a8b000000) (1024K)]
  0x000001e738bf3e40 JavaThread "External Process Output Forwarder - C:\Users\SandraSatheesh\.cache\selenium\geckodriver\win64\0.36.0\geckodriver.exe" daemon [_thread_in_native, id=30740, stack(0x0000009a89f00000,0x0000009a8a000000) (1024K)]
  0x000001e738bf44d0 JavaThread "Driver Service Executor"    daemon [_thread_blocked, id=28392, stack(0x0000009a8a000000,0x0000009a8a100000) (1024K)]
  0x000001e738bf51f0 JavaThread "Driver Service Executor"    daemon [_thread_blocked, id=36432, stack(0x0000009a8a600000,0x0000009a8a700000) (1024K)]
  0x000001e77f284bd0 JavaThread "External Process Output Forwarder - C:\Users\SandraSatheesh\.cache\selenium\geckodriver\win64\0.36.0\geckodriver.exe" daemon [_thread_in_native, id=56868, stack(0x0000009a8b200000,0x0000009a8b300000) (1024K)]
  0x000001e77f281750 JavaThread "Driver Service Executor"    daemon [_thread_blocked, id=9920, stack(0x0000009a8b300000,0x0000009a8b400000) (1024K)]
  0x000001e77f285260 JavaThread "Driver Service Executor"    daemon [_thread_blocked, id=54264, stack(0x0000009a8b400000,0x0000009a8b500000) (1024K)]
  0x000001e77f25eb10 JavaThread "HttpClient-6-SelectorManager" daemon [_thread_in_native, id=2620, stack(0x0000009a8a100000,0x0000009a8a200000) (1024K)]
  0x000001e77f25e480 JavaThread "External Process Output Forwarder - C:\Users\SandraSatheesh\.cache\selenium\geckodriver\win64\0.36.0\geckodriver.exe" daemon [_thread_in_native, id=11412, stack(0x0000009a8bc00000,0x0000009a8bd00000) (1024K)]
  0x000001e77f25f1a0 JavaThread "Driver Service Executor"    daemon [_thread_blocked, id=34536, stack(0x0000009a8bd00000,0x0000009a8be00000) (1024K)]
  0x000001e77f25ddf0 JavaThread "Driver Service Executor"    daemon [_thread_blocked, id=23128, stack(0x0000009a8be00000,0x0000009a8bf00000) (1024K)]
  0x000001e77f262620 JavaThread "HttpClient-7-SelectorManager" daemon [_thread_in_native, id=39356, stack(0x0000009a88100000,0x0000009a88200000) (1024K)]
  0x000001e77f263340 JavaThread "External Process Output Forwarder - C:\Users\SandraSatheesh\.cache\selenium\geckodriver\win64\0.36.0\geckodriver.exe" daemon [_thread_in_native, id=25948, stack(0x0000009a89400000,0x0000009a89500000) (1024K)]
  0x000001e77f261f90 JavaThread "Driver Service Executor"    daemon [_thread_blocked, id=53788, stack(0x0000009a8b100000,0x0000009a8b200000) (1024K)]
  0x000001e77f262cb0 JavaThread "Driver Service Executor"    daemon [_thread_blocked, id=28068, stack(0x0000009a8b600000,0x0000009a8b700000) (1024K)]
  0x000001e77f260be0 JavaThread "JdkHttpClient-6-0"          daemon [_thread_blocked, id=15268, stack(0x0000009a8c300000,0x0000009a8c400000) (1024K)]
  0x000001e77f25fec0 JavaThread "JdkHttpClient-6-1"          daemon [_thread_blocked, id=24828, stack(0x0000009a8c400000,0x0000009a8c500000) (1024K)]
  0x000001e77f2639d0 JavaThread "JdkHttpClient-6-2"          daemon [_thread_blocked, id=19864, stack(0x0000009a8c500000,0x0000009a8c600000) (1024K)]
  0x000001e77f2646f0 JavaThread "External Process Output Forwarder - C:\Users\SandraSatheesh\.cache\selenium\geckodriver\win64\0.36.0\geckodriver.exe" daemon [_thread_in_native, id=58944, stack(0x0000009a88000000,0x0000009a88100000) (1024K)]
  0x000001e77f261900 JavaThread "Driver Service Executor"    daemon [_thread_blocked, id=57276, stack(0x0000009a8ba00000,0x0000009a8bb00000) (1024K)]
  0x000001e738bf65a0 JavaThread "Driver Service Executor"    daemon [_thread_blocked, id=58900, stack(0x0000009a8c600000,0x0000009a8c700000) (1024K)]
  0x000001e738bf37b0 JavaThread "JdkHttpClient-7-0"          daemon [_thread_blocked, id=31912, stack(0x0000009a8c700000,0x0000009a8c800000) (1024K)]
  0x000001e738bf6c30 JavaThread "JdkHttpClient-7-1"          daemon [_thread_blocked, id=25208, stack(0x0000009a8c800000,0x0000009a8c900000) (1024K)]
  0x000001e738bf4b60 JavaThread "JdkHttpClient-7-2"          daemon [_thread_blocked, id=29316, stack(0x0000009a8c900000,0x0000009a8ca00000) (1024K)]
Total: 44

Other Threads:
  0x000001e738aa4260 VMThread "VM Thread"                           [id=46528, stack(0x0000009a88900000,0x0000009a88a00000) (1024K)]
  0x000001e738a94250 WatcherThread "VM Periodic Task Thread"        [id=56920, stack(0x0000009a88800000,0x0000009a88900000) (1024K)]
  0x000001e720d3dcf0 WorkerThread "GC Thread#0"                     [id=21508, stack(0x0000009a88300000,0x0000009a88400000) (1024K)]
  0x000001e77eada510 WorkerThread "GC Thread#1"                     [id=31420, stack(0x0000009a89700000,0x0000009a89800000) (1024K)]
  0x000001e77eadacc0 WorkerThread "GC Thread#2"                     [id=51452, stack(0x0000009a89800000,0x0000009a89900000) (1024K)]
  0x000001e77eadb880 WorkerThread "GC Thread#3"                     [id=32640, stack(0x0000009a89900000,0x0000009a89a00000) (1024K)]
  0x000001e77eb4e2e0 WorkerThread "GC Thread#4"                     [id=56424, stack(0x0000009a89a00000,0x0000009a89b00000) (1024K)]
  0x000001e77eb4f690 WorkerThread "GC Thread#5"                     [id=14840, stack(0x0000009a89b00000,0x0000009a89c00000) (1024K)]
  0x000001e77eb50240 WorkerThread "GC Thread#6"                     [id=55552, stack(0x0000009a89c00000,0x0000009a89d00000) (1024K)]
  0x000001e77ef96ee0 WorkerThread "GC Thread#7"                     [id=50748, stack(0x0000009a8a800000,0x0000009a8a900000) (1024K)]
  0x000001e720d6cb20 ConcurrentGCThread "G1 Main Marker"            [id=57212, stack(0x0000009a88400000,0x0000009a88500000) (1024K)]
  0x000001e720d6e7e0 WorkerThread "G1 Conc#0"                       [id=39452, stack(0x0000009a88500000,0x0000009a88600000) (1024K)]
  0x000001e77ef96060 WorkerThread "G1 Conc#1"                       [id=56256, stack(0x0000009a8ac00000,0x0000009a8ad00000) (1024K)]
  0x000001e738961bc0 ConcurrentGCThread "G1 Refine#0"               [id=39352, stack(0x0000009a88600000,0x0000009a88700000) (1024K)]
  0x000001e7389624e0 ConcurrentGCThread "G1 Service"                [id=56956, stack(0x0000009a88700000,0x0000009a88800000) (1024K)]
Total: 15

Threads with active compile tasks:
C2 CompilerThread0  269285 5287 %     4       org.testng.shaded.com.google.gson.stream.JsonWriter::string @ 37 (171 bytes)
Total: 1

VM state: not at safepoint (normal execution)

VM Mutex/Monitor currently owned by a thread: None

Heap address: 0x0000000084a00000, size: 1974 MB, Compressed Oops mode: 32-bit

CDS archive(s) mapped at: [0x000001e739000000-0x000001e739c80000-0x000001e739c80000), size 13107200, SharedBaseAddress: 0x000001e739000000, ArchiveRelocationMode: 1.
Compressed class space mapped at: 0x000001e73a000000-0x000001e77a000000, reserved size: 1073741824
Narrow klass base: 0x000001e739000000, Narrow klass shift: 0, Narrow klass range: 0x100000000

GC Precious Log:
 CardTable entry size: 512
 Card Set container configuration: InlinePtr #cards 5 size 8 Array Of Cards #cards 12 size 40 Howl #buckets 4 coarsen threshold 1843 Howl Bitmap #cards 512 size 80 coarsen threshold 460 Card regions per heap region 1 cards per card region 2048
 CPUs: 8 total, 8 available
 Memory: 7890M
 Large Page Support: Disabled
 NUMA Support: Disabled
 Compressed Oops: Enabled (32-bit)
 Heap Region Size: 1M
 Heap Min Capacity: 8M
 Heap Initial Capacity: 124M
 Heap Max Capacity: 1974M
 Pre-touch: Disabled
 Parallel Workers: 8
 Concurrent Workers: 2
 Concurrent Refinement Workers: 8
 Periodic GC: Disabled

Heap:
 garbage-first heap   total 65536K, used 25719K [0x0000000084a00000, 0x0000000100000000)
  region size 1024K, 2 young (2048K), 1 survivors (1024K)
 Metaspace       used 31828K, committed 32320K, reserved 1114112K
  class space    used 3814K, committed 4032K, reserved 1048576K

Heap Regions: E=young(eden), S=young(survivor), O=old, HS=humongous(starts), HC=humongous(continues), CS=collection set, F=free, TAMS=top-at-mark-start, PB=parsable bottom
|   0|0x0000000084a00000, 0x0000000084b00000, 0x0000000084b00000|100%|HS|  |TAMS 0x0000000084a00000| PB 0x0000000084a00000| Complete 
|   1|0x0000000084b00000, 0x0000000084c00000, 0x0000000084c00000|100%| O|  |TAMS 0x0000000084b00000| PB 0x0000000084b00000| Untracked 
|   2|0x0000000084c00000, 0x0000000084d00000, 0x0000000084d00000|100%| O|  |TAMS 0x0000000084c00000| PB 0x0000000084c00000| Untracked 
|   3|0x0000000084d00000, 0x0000000084e00000, 0x0000000084e00000|100%| O|  |TAMS 0x0000000084d00000| PB 0x0000000084d00000| Untracked 
|   4|0x0000000084e00000, 0x0000000084f00000, 0x0000000084f00000|100%| O|  |TAMS 0x0000000084e00000| PB 0x0000000084e00000| Untracked 
|   5|0x0000000084f00000, 0x0000000085000000, 0x0000000085000000|100%| O|  |TAMS 0x0000000084f00000| PB 0x0000000084f00000| Untracked 
|   6|0x0000000085000000, 0x0000000085100000, 0x0000000085100000|100%| O|  |TAMS 0x0000000085000000| PB 0x0000000085000000| Untracked 
|   7|0x0000000085100000, 0x0000000085200000, 0x0000000085200000|100%| O|  |TAMS 0x0000000085100000| PB 0x0000000085100000| Untracked 
|   8|0x0000000085200000, 0x0000000085300000, 0x0000000085300000|100%| O|  |TAMS 0x0000000085200000| PB 0x0000000085200000| Untracked 
|   9|0x0000000085300000, 0x0000000085400000, 0x0000000085400000|100%| O|  |TAMS 0x0000000085300000| PB 0x0000000085300000| Untracked 
|  10|0x0000000085400000, 0x0000000085500000, 0x0000000085500000|100%| O|  |TAMS 0x0000000085400000| PB 0x0000000085400000| Untracked 
|  11|0x0000000085500000, 0x0000000085600000, 0x0000000085600000|100%| O|  |TAMS 0x0000000085500000| PB 0x0000000085500000| Untracked 
|  12|0x0000000085600000, 0x0000000085700000, 0x0000000085700000|100%| O|  |TAMS 0x0000000085600000| PB 0x0000000085600000| Untracked 
|  13|0x0000000085700000, 0x0000000085800000, 0x0000000085800000|100%| O|  |TAMS 0x0000000085700000| PB 0x0000000085700000| Untracked 
|  14|0x0000000085800000, 0x0000000085900000, 0x0000000085900000|100%| O|  |TAMS 0x0000000085800000| PB 0x0000000085800000| Untracked 
|  15|0x0000000085900000, 0x0000000085a00000, 0x0000000085a00000|100%| O|  |TAMS 0x0000000085900000| PB 0x0000000085900000| Untracked 
|  16|0x0000000085a00000, 0x0000000085b00000, 0x0000000085b00000|100%| O|  |TAMS 0x0000000085a00000| PB 0x0000000085a00000| Untracked 
|  17|0x0000000085b00000, 0x0000000085c00000, 0x0000000085c00000|100%| O|  |TAMS 0x0000000085b00000| PB 0x0000000085b00000| Untracked 
|  18|0x0000000085c00000, 0x0000000085d00000, 0x0000000085d00000|100%| O|  |TAMS 0x0000000085c00000| PB 0x0000000085c00000| Untracked 
|  19|0x0000000085d00000, 0x0000000085e00000, 0x0000000085e00000|100%| O|  |TAMS 0x0000000085d00000| PB 0x0000000085d00000| Untracked 
|  20|0x0000000085e00000, 0x0000000085f00000, 0x0000000085f00000|100%| O|  |TAMS 0x0000000085e00000| PB 0x0000000085e00000| Untracked 
|  21|0x0000000085f00000, 0x0000000085f792d0, 0x0000000086000000| 47%| O|  |TAMS 0x0000000085f00000| PB 0x0000000085f00000| Untracked 
|  22|0x0000000086000000, 0x0000000086100000, 0x0000000086100000|100%| O|  |TAMS 0x0000000086000000| PB 0x0000000086000000| Untracked 
|  23|0x0000000086100000, 0x0000000086200000, 0x0000000086200000|100%| O|  |TAMS 0x0000000086100000| PB 0x0000000086100000| Untracked 
|  24|0x0000000086200000, 0x0000000086300000, 0x0000000086300000|100%| O|  |TAMS 0x0000000086200000| PB 0x0000000086200000| Untracked 
|  25|0x0000000086300000, 0x0000000086300000, 0x0000000086400000|  0%| F|  |TAMS 0x0000000086300000| PB 0x0000000086300000| Untracked 
|  26|0x0000000086400000, 0x0000000086400000, 0x0000000086500000|  0%| F|  |TAMS 0x0000000086400000| PB 0x0000000086400000| Untracked 
|  27|0x0000000086500000, 0x0000000086500000, 0x0000000086600000|  0%| F|  |TAMS 0x0000000086500000| PB 0x0000000086500000| Untracked 
|  28|0x0000000086600000, 0x0000000086600000, 0x0000000086700000|  0%| F|  |TAMS 0x0000000086600000| PB 0x0000000086600000| Untracked 
|  29|0x0000000086700000, 0x0000000086700000, 0x0000000086800000|  0%| F|  |TAMS 0x0000000086700000| PB 0x0000000086700000| Untracked 
|  30|0x0000000086800000, 0x0000000086800000, 0x0000000086900000|  0%| F|  |TAMS 0x0000000086800000| PB 0x0000000086800000| Untracked 
|  31|0x0000000086900000, 0x0000000086900000, 0x0000000086a00000|  0%| F|  |TAMS 0x0000000086900000| PB 0x0000000086900000| Untracked 
|  32|0x0000000086a00000, 0x0000000086a00000, 0x0000000086b00000|  0%| F|  |TAMS 0x0000000086a00000| PB 0x0000000086a00000| Untracked 
|  33|0x0000000086b00000, 0x0000000086b00000, 0x0000000086c00000|  0%| F|  |TAMS 0x0000000086b00000| PB 0x0000000086b00000| Untracked 
|  34|0x0000000086c00000, 0x0000000086c00000, 0x0000000086d00000|  0%| F|  |TAMS 0x0000000086c00000| PB 0x0000000086c00000| Untracked 
|  35|0x0000000086d00000, 0x0000000086d00000, 0x0000000086e00000|  0%| F|  |TAMS 0x0000000086d00000| PB 0x0000000086d00000| Untracked 
|  36|0x0000000086e00000, 0x0000000086e00000, 0x0000000086f00000|  0%| F|  |TAMS 0x0000000086e00000| PB 0x0000000086e00000| Untracked 
|  37|0x0000000086f00000, 0x0000000086fa4b00, 0x0000000087000000| 64%| S|CS|TAMS 0x0000000086f00000| PB 0x0000000086f00000| Complete 
|  38|0x0000000087000000, 0x0000000087000000, 0x0000000087100000|  0%| F|  |TAMS 0x0000000087000000| PB 0x0000000087000000| Untracked 
|  39|0x0000000087100000, 0x0000000087100000, 0x0000000087200000|  0%| F|  |TAMS 0x0000000087100000| PB 0x0000000087100000| Untracked 
|  40|0x0000000087200000, 0x0000000087200000, 0x0000000087300000|  0%| F|  |TAMS 0x0000000087200000| PB 0x0000000087200000| Untracked 
|  41|0x0000000087300000, 0x0000000087300000, 0x0000000087400000|  0%| F|  |TAMS 0x0000000087300000| PB 0x0000000087300000| Untracked 
|  42|0x0000000087400000, 0x0000000087400000, 0x0000000087500000|  0%| F|  |TAMS 0x0000000087400000| PB 0x0000000087400000| Untracked 
|  43|0x0000000087500000, 0x0000000087500000, 0x0000000087600000|  0%| F|  |TAMS 0x0000000087500000| PB 0x0000000087500000| Untracked 
|  44|0x0000000087600000, 0x0000000087600000, 0x0000000087700000|  0%| F|  |TAMS 0x0000000087600000| PB 0x0000000087600000| Untracked 
|  45|0x0000000087700000, 0x0000000087700000, 0x0000000087800000|  0%| F|  |TAMS 0x0000000087700000| PB 0x0000000087700000| Untracked 
|  46|0x0000000087800000, 0x0000000087800000, 0x0000000087900000|  0%| F|  |TAMS 0x0000000087800000| PB 0x0000000087800000| Untracked 
|  47|0x0000000087900000, 0x0000000087900000, 0x0000000087a00000|  0%| F|  |TAMS 0x0000000087900000| PB 0x0000000087900000| Untracked 
|  48|0x0000000087a00000, 0x0000000087a00000, 0x0000000087b00000|  0%| F|  |TAMS 0x0000000087a00000| PB 0x0000000087a00000| Untracked 
|  49|0x0000000087b00000, 0x0000000087b00000, 0x0000000087c00000|  0%| F|  |TAMS 0x0000000087b00000| PB 0x0000000087b00000| Untracked 
|  50|0x0000000087c00000, 0x0000000087c00000, 0x0000000087d00000|  0%| F|  |TAMS 0x0000000087c00000| PB 0x0000000087c00000| Untracked 
|  51|0x0000000087d00000, 0x0000000087d00000, 0x0000000087e00000|  0%| F|  |TAMS 0x0000000087d00000| PB 0x0000000087d00000| Untracked 
|  52|0x0000000087e00000, 0x0000000087e00000, 0x0000000087f00000|  0%| F|  |TAMS 0x0000000087e00000| PB 0x0000000087e00000| Untracked 
|  53|0x0000000087f00000, 0x0000000087f00000, 0x0000000088000000|  0%| F|  |TAMS 0x0000000087f00000| PB 0x0000000087f00000| Untracked 
|  54|0x0000000088000000, 0x0000000088000000, 0x0000000088100000|  0%| F|  |TAMS 0x0000000088000000| PB 0x0000000088000000| Untracked 
|  55|0x0000000088100000, 0x0000000088100000, 0x0000000088200000|  0%| F|  |TAMS 0x0000000088100000| PB 0x0000000088100000| Untracked 
|  56|0x0000000088200000, 0x0000000088200000, 0x0000000088300000|  0%| F|  |TAMS 0x0000000088200000| PB 0x0000000088200000| Untracked 
|  57|0x0000000088300000, 0x0000000088300000, 0x0000000088400000|  0%| F|  |TAMS 0x0000000088300000| PB 0x0000000088300000| Untracked 
|  58|0x0000000088400000, 0x0000000088400000, 0x0000000088500000|  0%| F|  |TAMS 0x0000000088400000| PB 0x0000000088400000| Untracked 
|  96|0x000000008aa00000, 0x000000008aa00000, 0x000000008ab00000|  0%| F|  |TAMS 0x000000008aa00000| PB 0x000000008aa00000| Untracked 
|  97|0x000000008ab00000, 0x000000008ab00000, 0x000000008ac00000|  0%| F|  |TAMS 0x000000008ab00000| PB 0x000000008ab00000| Untracked 
|  98|0x000000008ac00000, 0x000000008ac00000, 0x000000008ad00000|  0%| F|  |TAMS 0x000000008ac00000| PB 0x000000008ac00000| Untracked 
|  99|0x000000008ad00000, 0x000000008ad00000, 0x000000008ae00000|  0%| F|  |TAMS 0x000000008ad00000| PB 0x000000008ad00000| Untracked 
| 100|0x000000008ae00000, 0x000000008aeeea00, 0x000000008af00000| 93%| E|  |TAMS 0x000000008ae00000| PB 0x000000008ae00000| Complete 

Card table byte_map: [0x000001e733d90000,0x000001e734170000] _byte_map_base: 0x000001e73396b000

Marking Bits: (CMBitMap*) 0x000001e720d3e300
 Bits: [0x000001e734170000, 0x000001e736048000)

Polling page: 0x000001e7204a0000

Metaspace:

Usage:
  Non-class:     27.36 MB used.
      Class:      3.73 MB used.
       Both:     31.08 MB used.

Virtual space:
  Non-class space:       64.00 MB reserved,      27.62 MB ( 43%) committed,  1 nodes.
      Class space:        1.00 GB reserved,       3.94 MB ( <1%) committed,  1 nodes.
             Both:        1.06 GB reserved,      31.56 MB (  3%) committed. 

Chunk freelists:
   Non-Class:  3.84 MB
       Class:  11.91 MB
        Both:  15.76 MB

MaxMetaspaceSize: unlimited
CompressedClassSpaceSize: 1.00 GB
Initial GC threshold: 21.00 MB
Current GC threshold: 35.12 MB
CDS: on
 - commit_granule_bytes: 65536.
 - commit_granule_words: 8192.
 - virtual_space_node_default_size: 8388608.
 - enlarge_chunks_in_place: 1.
 - use_allocation_guard: 0.


Internal statistics:

num_allocs_failed_limit: 3.
num_arena_births: 620.
num_arena_deaths: 0.
num_vsnodes_births: 2.
num_vsnodes_deaths: 0.
num_space_committed: 505.
num_space_uncommitted: 0.
num_chunks_returned_to_freelist: 3.
num_chunks_taken_from_freelist: 1569.
num_chunk_merges: 0.
num_chunk_splits: 1007.
num_chunks_enlarged: 643.
num_inconsistent_stats: 0.

CodeHeap 'non-profiled nmethods': size=120000Kb used=2564Kb max_used=2564Kb free=117435Kb
 bounds [0x000001e72c150000, 0x000001e72c3e0000, 0x000001e733680000]
CodeHeap 'profiled nmethods': size=120000Kb used=10888Kb max_used=10888Kb free=109112Kb
 bounds [0x000001e724680000, 0x000001e725130000, 0x000001e72bbb0000]
CodeHeap 'non-nmethods': size=5760Kb used=1787Kb max_used=1834Kb free=3972Kb
 bounds [0x000001e72bbb0000, 0x000001e72be20000, 0x000001e72c150000]
CodeCache: size=245760Kb, used=15239Kb, max_used=15286Kb, free=230519Kb
 total_blobs=5940, nmethods=5292, adapters=552, full_count=0
Compilation: enabled, stopped_count=0, restarted_count=0

Compilation events (20 events):
Event: 266.062 Thread 0x000001e738b10090 5281       3       java.util.regex.Pattern$SliceNode::study (37 bytes)
Event: 266.063 Thread 0x000001e738b10090 nmethod 5281 0x000001e725112590 code [0x000001e725112740, 0x000001e725112938]
Event: 266.063 Thread 0x000001e738b10090 5282       3       java.lang.reflect.Field::getGenericType (20 bytes)
Event: 266.065 Thread 0x000001e738add860 nmethod 5280 0x000001e72c3cff90 code [0x000001e72c3d0120, 0x000001e72c3d02c8]
Event: 266.066 Thread 0x000001e738b10090 nmethod 5282 0x000001e725112a10 code [0x000001e725112d20, 0x000001e7251141c8]
Event: 266.066 Thread 0x000001e738b10090 5283   !   3       org.testng.shaded.com.google.gson.internal.reflect.ReflectionHelper::makeAccessible (49 bytes)
Event: 266.067 Thread 0x000001e738b10090 nmethod 5283 0x000001e725114810 code [0x000001e725114a80, 0x000001e725115250]
Event: 266.067 Thread 0x000001e738b10090 5284       3       org.testng.shaded.com.google.gson.internal.bind.ReflectiveTypeAdapterFactory::getFieldNames (90 bytes)
Event: 266.069 Thread 0x000001e738add860 5286       4       java.lang.StringCoding::implEncodeAsciiArray (47 bytes)
Event: 266.071 Thread 0x000001e738b10090 nmethod 5284 0x000001e725115610 code [0x000001e725115960, 0x000001e725116d30]
Event: 266.071 Thread 0x000001e738b10090 5285   !   3       org.testng.shaded.com.google.gson.internal.bind.ReflectiveTypeAdapterFactory$1::write (184 bytes)
Event: 266.075 Thread 0x000001e738b10090 nmethod 5285 0x000001e725117410 code [0x000001e725117840, 0x000001e7251191c0]
Event: 266.077 Thread 0x000001e738add860 nmethod 5286 0x000001e72c3d0410 code [0x000001e72c3d05a0, 0x000001e72c3d07f8]
Event: 266.096 Thread 0x000001e738add860 5287 %     4       org.testng.shaded.com.google.gson.stream.JsonWriter::string @ 37 (171 bytes)
Event: 266.128 Thread 0x000001e738b10090 5288       3       org.testng.reporters.FileStringBuffer::append (6 bytes)
Event: 266.128 Thread 0x000001e738b10090 nmethod 5288 0x000001e725119c10 code [0x000001e725119dc0, 0x000001e725119f18]
Event: 266.128 Thread 0x000001e738b10090 5289   !   3       org.testng.reporters.FileStringBuffer::append (131 bytes)
Event: 266.132 Thread 0x000001e738b10090 nmethod 5289 0x000001e72511a010 code [0x000001e72511a300, 0x000001e72511b1f0]
Event: 266.159 Thread 0x000001e738b10090 5290       3       java.util.concurrent.ConcurrentHashMap$MapEntry::<init> (20 bytes)
Event: 266.160 Thread 0x000001e738b10090 nmethod 5290 0x000001e72511b990 code [0x000001e72511bb40, 0x000001e72511bdc0]

GC Heap History (20 events):
Event: 3.151 GC heap after
{Heap after GC invocations=2 (full 0):
 garbage-first heap   total 126976K, used 11182K [0x0000000084a00000, 0x0000000100000000)
  region size 1024K, 4 young (4096K), 4 survivors (4096K)
 Metaspace       used 15376K, committed 15872K, reserved 1114112K
  class space    used 1870K, committed 2112K, reserved 1048576K
}
Event: 19.102 GC heap before
{Heap before GC invocations=2 (full 0):
 garbage-first heap   total 126976K, used 33710K [0x0000000084a00000, 0x0000000100000000)
  region size 1024K, 27 young (27648K), 4 survivors (4096K)
 Metaspace       used 21063K, committed 21504K, reserved 1114112K
  class space    used 2598K, committed 2816K, reserved 1048576K
}
Event: 19.110 GC heap after
{Heap after GC invocations=3 (full 0):
 garbage-first heap   total 126976K, used 12829K [0x0000000084a00000, 0x0000000100000000)
  region size 1024K, 5 young (5120K), 5 survivors (5120K)
 Metaspace       used 21063K, committed 21504K, reserved 1114112K
  class space    used 2598K, committed 2816K, reserved 1048576K
}
Event: 20.043 GC heap before
{Heap before GC invocations=4 (full 0):
 garbage-first heap   total 45056K, used 34333K [0x0000000084a00000, 0x0000000100000000)
  region size 1024K, 26 young (26624K), 5 survivors (5120K)
 Metaspace       used 26178K, committed 26688K, reserved 1114112K
  class space    used 3223K, committed 3456K, reserved 1048576K
}
Event: 20.049 GC heap after
{Heap after GC invocations=5 (full 0):
 garbage-first heap   total 45056K, used 14427K [0x0000000084a00000, 0x0000000100000000)
  region size 1024K, 4 young (4096K), 4 survivors (4096K)
 Metaspace       used 26178K, committed 26688K, reserved 1114112K
  class space    used 3223K, committed 3456K, reserved 1048576K
}
Event: 20.080 GC heap before
{Heap before GC invocations=5 (full 0):
 garbage-first heap   total 45056K, used 33883K [0x0000000084a00000, 0x0000000100000000)
  region size 1024K, 23 young (23552K), 4 survivors (4096K)
 Metaspace       used 26178K, committed 26688K, reserved 1114112K
  class space    used 3223K, committed 3456K, reserved 1048576K
}
Event: 20.084 GC heap after
{Heap after GC invocations=6 (full 0):
 garbage-first heap   total 45056K, used 14865K [0x0000000084a00000, 0x0000000100000000)
  region size 1024K, 3 young (3072K), 3 survivors (3072K)
 Metaspace       used 26178K, committed 26688K, reserved 1114112K
  class space    used 3223K, committed 3456K, reserved 1048576K
}
Event: 20.205 GC heap before
{Heap before GC invocations=6 (full 0):
 garbage-first heap   total 45056K, used 34321K [0x0000000084a00000, 0x0000000100000000)
  region size 1024K, 22 young (22528K), 3 survivors (3072K)
 Metaspace       used 26814K, committed 27328K, reserved 1114112K
  class space    used 3306K, committed 3520K, reserved 1048576K
}
Event: 20.209 GC heap after
{Heap after GC invocations=7 (full 0):
 garbage-first heap   total 45056K, used 15556K [0x0000000084a00000, 0x0000000100000000)
  region size 1024K, 2 young (2048K), 2 survivors (2048K)
 Metaspace       used 26814K, committed 27328K, reserved 1114112K
  class space    used 3306K, committed 3520K, reserved 1048576K
}
Event: 45.488 GC heap before
{Heap before GC invocations=7 (full 0):
 garbage-first heap   total 45056K, used 36036K [0x0000000084a00000, 0x0000000100000000)
  region size 1024K, 22 young (22528K), 2 survivors (2048K)
 Metaspace       used 29381K, committed 29888K, reserved 1114112K
  class space    used 3604K, committed 3840K, reserved 1048576K
}
Event: 45.498 GC heap after
{Heap after GC invocations=8 (full 0):
 garbage-first heap   total 45056K, used 16693K [0x0000000084a00000, 0x0000000100000000)
  region size 1024K, 3 young (3072K), 3 survivors (3072K)
 Metaspace       used 29381K, committed 29888K, reserved 1114112K
  class space    used 3604K, committed 3840K, reserved 1048576K
}
Event: 204.849 GC heap before
{Heap before GC invocations=8 (full 0):
 garbage-first heap   total 45056K, used 37173K [0x0000000084a00000, 0x0000000100000000)
  region size 1024K, 23 young (23552K), 3 survivors (3072K)
 Metaspace       used 30979K, committed 31488K, reserved 1114112K
  class space    used 3744K, committed 3968K, reserved 1048576K
}
Event: 204.923 GC heap after
{Heap after GC invocations=9 (full 0):
 garbage-first heap   total 45056K, used 17761K [0x0000000084a00000, 0x0000000100000000)
  region size 1024K, 3 young (3072K), 3 survivors (3072K)
 Metaspace       used 30979K, committed 31488K, reserved 1114112K
  class space    used 3744K, committed 3968K, reserved 1048576K
}
Event: 205.664 GC heap before
{Heap before GC invocations=9 (full 0):
 garbage-first heap   total 45056K, used 37217K [0x0000000084a00000, 0x0000000100000000)
  region size 1024K, 22 young (22528K), 3 survivors (3072K)
 Metaspace       used 31056K, committed 31552K, reserved 1114112K
  class space    used 3753K, committed 3968K, reserved 1048576K
}
Event: 205.683 GC heap after
{Heap after GC invocations=10 (full 0):
 garbage-first heap   total 45056K, used 20672K [0x0000000084a00000, 0x0000000100000000)
  region size 1024K, 3 young (3072K), 3 survivors (3072K)
 Metaspace       used 31056K, committed 31552K, reserved 1114112K
  class space    used 3753K, committed 3968K, reserved 1048576K
}
Event: 205.902 GC heap before
{Heap before GC invocations=10 (full 0):
 garbage-first heap   total 45056K, used 38080K [0x0000000084a00000, 0x0000000100000000)
  region size 1024K, 20 young (20480K), 3 survivors (3072K)
 Metaspace       used 31135K, committed 31616K, reserved 1114112K
  class space    used 3760K, committed 3968K, reserved 1048576K
}
Event: 205.922 GC heap after
{Heap after GC invocations=11 (full 0):
 garbage-first heap   total 65536K, used 23918K [0x0000000084a00000, 0x0000000100000000)
  region size 1024K, 3 young (3072K), 3 survivors (3072K)
 Metaspace       used 31135K, committed 31616K, reserved 1114112K
  class space    used 3760K, committed 3968K, reserved 1048576K
}
Event: 217.145 GC heap before
{Heap before GC invocations=11 (full 0):
 garbage-first heap   total 65536K, used 52590K [0x0000000084a00000, 0x0000000100000000)
  region size 1024K, 32 young (32768K), 3 survivors (3072K)
 Metaspace       used 31579K, committed 32064K, reserved 1114112K
  class space    used 3792K, committed 3968K, reserved 1048576K
}
Event: 217.158 GC heap after
{Heap after GC invocations=12 (full 0):
 garbage-first heap   total 65536K, used 28165K [0x0000000084a00000, 0x0000000100000000)
  region size 1024K, 4 young (4096K), 4 survivors (4096K)
 Metaspace       used 31579K, committed 32064K, reserved 1114112K
  class space    used 3792K, committed 3968K, reserved 1048576K
}
Event: 266.172 GC heap before
{Heap before GC invocations=12 (full 0):
 garbage-first heap   total 65536K, used 53765K [0x0000000084a00000, 0x0000000100000000)
  region size 1024K, 30 young (30720K), 4 survivors (4096K)
 Metaspace       used 31685K, committed 32128K, reserved 1114112K
  class space    used 3794K, committed 3968K, reserved 1048576K
}

Dll operation events (11 events):
Event: 0.035 Loaded shared library C:\Users\SandraSatheesh\.p2\pool\plugins\org.eclipse.justj.openjdk.hotspot.jre.full.win32.x86_64_21.0.8.v20250724-1412\jre\bin\java.dll
Event: 0.086 Loaded shared library C:\Users\SandraSatheesh\.p2\pool\plugins\org.eclipse.justj.openjdk.hotspot.jre.full.win32.x86_64_21.0.8.v20250724-1412\jre\bin\zip.dll
Event: 0.161 Loaded shared library C:\Users\SandraSatheesh\.p2\pool\plugins\org.eclipse.justj.openjdk.hotspot.jre.full.win32.x86_64_21.0.8.v20250724-1412\jre\bin\net.dll
Event: 0.164 Loaded shared library C:\Users\SandraSatheesh\.p2\pool\plugins\org.eclipse.justj.openjdk.hotspot.jre.full.win32.x86_64_21.0.8.v20250724-1412\jre\bin\nio.dll
Event: 0.199 Loaded shared library C:\Users\SandraSatheesh\.p2\pool\plugins\org.eclipse.justj.openjdk.hotspot.jre.full.win32.x86_64_21.0.8.v20250724-1412\jre\bin\zip.dll
Event: 0.420 Loaded shared library C:\Users\SandraSatheesh\.p2\pool\plugins\org.eclipse.justj.openjdk.hotspot.jre.full.win32.x86_64_21.0.8.v20250724-1412\jre\bin\jimage.dll
Event: 0.506 Loaded shared library C:\Users\SandraSatheesh\.p2\pool\plugins\org.eclipse.justj.openjdk.hotspot.jre.full.win32.x86_64_21.0.8.v20250724-1412\jre\bin\verify.dll
Event: 0.658 Loaded shared library C:\Users\SandraSatheesh\.p2\pool\plugins\org.eclipse.justj.openjdk.hotspot.jre.full.win32.x86_64_21.0.8.v20250724-1412\jre\bin\extnet.dll
Event: 2.671 Loaded shared library C:\Users\SandraSatheesh\.p2\pool\plugins\org.eclipse.justj.openjdk.hotspot.jre.full.win32.x86_64_21.0.8.v20250724-1412\jre\bin\sunmscapi.dll
Event: 18.791 Loaded shared library C:\Users\SandraSatheesh\.p2\pool\plugins\org.eclipse.justj.openjdk.hotspot.jre.full.win32.x86_64_21.0.8.v20250724-1412\jre\bin\management.dll
Event: 18.800 Loaded shared library C:\Users\SandraSatheesh\.p2\pool\plugins\org.eclipse.justj.openjdk.hotspot.jre.full.win32.x86_64_21.0.8.v20250724-1412\jre\bin\management_ext.dll

Deoptimization events (20 events):
Event: 217.336 Thread 0x000001e738c3f080 DEOPT PACKING pc=0x000001e725024352 sp=0x0000009a8bbfd170
Event: 217.336 Thread 0x000001e738c3f080 DEOPT UNPACKING pc=0x000001e72bc088e2 sp=0x0000009a8bbfc620 mode 0
Event: 266.069 Thread 0x000001e738c3f080 DEOPT PACKING pc=0x000001e724ea767e sp=0x0000009a8bbfdb80
Event: 266.069 Thread 0x000001e738c3f080 DEOPT UNPACKING pc=0x000001e72bc088e2 sp=0x0000009a8bbfd018 mode 0
Event: 266.109 Thread 0x000001e738c3f080 Uncommon trap: trap_request=0xffffffde fr.pc=0x000001e72c36f874 relative=0x0000000000000134
Event: 266.110 Thread 0x000001e738c3f080 Uncommon trap: reason=class_check action=maybe_recompile pc=0x000001e72c36f874 method=java.util.HashSet.remove(Ljava/lang/Object;)Z @ 5 c2
Event: 266.110 Thread 0x000001e738c3f080 DEOPT PACKING pc=0x000001e72c36f874 sp=0x0000009a8bbfea50
Event: 266.110 Thread 0x000001e738c3f080 DEOPT UNPACKING pc=0x000001e72bc07da2 sp=0x0000009a8bbfe9e8 mode 2
Event: 266.110 Thread 0x000001e738c3f080 Uncommon trap: trap_request=0xffffffde fr.pc=0x000001e72c36f874 relative=0x0000000000000134
Event: 266.110 Thread 0x000001e738c3f080 Uncommon trap: reason=class_check action=maybe_recompile pc=0x000001e72c36f874 method=java.util.HashSet.remove(Ljava/lang/Object;)Z @ 5 c2
Event: 266.110 Thread 0x000001e738c3f080 DEOPT PACKING pc=0x000001e72c36f874 sp=0x0000009a8bbfea50
Event: 266.110 Thread 0x000001e738c3f080 DEOPT UNPACKING pc=0x000001e72bc07da2 sp=0x0000009a8bbfe9e8 mode 2
Event: 266.110 Thread 0x000001e738c3f080 Uncommon trap: trap_request=0xffffffde fr.pc=0x000001e72c36f874 relative=0x0000000000000134
Event: 266.110 Thread 0x000001e738c3f080 Uncommon trap: reason=class_check action=maybe_recompile pc=0x000001e72c36f874 method=java.util.HashSet.remove(Ljava/lang/Object;)Z @ 5 c2
Event: 266.110 Thread 0x000001e738c3f080 DEOPT PACKING pc=0x000001e72c36f874 sp=0x0000009a8bbfea50
Event: 266.110 Thread 0x000001e738c3f080 DEOPT UNPACKING pc=0x000001e72bc07da2 sp=0x0000009a8bbfe9e8 mode 2
Event: 266.110 Thread 0x000001e738c3f080 Uncommon trap: trap_request=0xffffffde fr.pc=0x000001e72c36f874 relative=0x0000000000000134
Event: 266.110 Thread 0x000001e738c3f080 Uncommon trap: reason=class_check action=maybe_recompile pc=0x000001e72c36f874 method=java.util.HashSet.remove(Ljava/lang/Object;)Z @ 5 c2
Event: 266.110 Thread 0x000001e738c3f080 DEOPT PACKING pc=0x000001e72c36f874 sp=0x0000009a8bbfea50
Event: 266.110 Thread 0x000001e738c3f080 DEOPT UNPACKING pc=0x000001e72bc07da2 sp=0x0000009a8bbfe9e8 mode 2

Classes loaded (20 events):
Event: 194.155 Loading class sun/util/resources/cldr/TimeZoneNames_en_US
Event: 194.155 Loading class sun/util/resources/cldr/TimeZoneNames_en_US done
Event: 194.184 Loading class java/util/concurrent/ConcurrentHashMap$KeySpliterator
Event: 194.185 Loading class java/util/concurrent/ConcurrentHashMap$KeySpliterator done
Event: 204.939 Loading class java/util/LinkedList$LLSpliterator
Event: 204.939 Loading class java/util/LinkedList$LLSpliterator done
Event: 205.861 Loading class java/net/URLDecoder
Event: 205.864 Loading class java/net/URLDecoder done
Event: 205.865 Loading class java/util/TreeMap$DescendingSubMap
Event: 205.867 Loading class java/util/TreeMap$NavigableSubMap
Event: 205.869 Loading class java/util/TreeMap$NavigableSubMap done
Event: 205.869 Loading class java/util/TreeMap$DescendingSubMap done
Event: 205.869 Loading class java/util/Collections$ReverseComparator
Event: 205.877 Loading class java/util/Collections$ReverseComparator done
Event: 205.877 Loading class java/util/TreeMap$NavigableSubMap$DescendingSubMapKeyIterator
Event: 205.877 Loading class java/util/TreeMap$NavigableSubMap$SubMapIterator
Event: 205.880 Loading class java/util/TreeMap$NavigableSubMap$SubMapIterator done
Event: 205.894 Loading class java/util/TreeMap$NavigableSubMap$DescendingSubMapKeyIterator done
Event: 265.940 Loading class java/util/concurrent/CompletionException
Event: 265.955 Loading class java/util/concurrent/CompletionException done

Classes unloaded (0 events):
No events

Classes redefined (0 events):
No events

Internal exceptions (20 events):
Event: 224.844 Thread 0x000001e77f261900 Exception <a 'java/net/ConnectException'{0x0000000087114778}: Connection refused: getsockopt> (0x0000000087114778) 
thrown [s\src\hotspot\share\prims\jni.cpp, line 539]
Event: 224.859 Thread 0x000001e77f261900 Exception <a 'java/net/ConnectException'{0x0000000087114fd0}: Connection refused: getsockopt> (0x0000000087114fd0) 
thrown [s\src\hotspot\share\prims\jni.cpp, line 539]
Event: 224.861 Thread 0x000001e77f261900 Exception <a 'java/net/ConnectException'{0x0000000087115828}: Connection refused: getsockopt> (0x0000000087115828) 
thrown [s\src\hotspot\share\prims\jni.cpp, line 539]
Event: 224.862 Thread 0x000001e77f261900 Exception <a 'java/net/ConnectException'{0x0000000087116080}: Connection refused: getsockopt> (0x0000000087116080) 
thrown [s\src\hotspot\share\prims\jni.cpp, line 539]
Event: 224.874 Thread 0x000001e77f261900 Exception <a 'java/net/ConnectException'{0x0000000087116b30}: Connection refused: getsockopt> (0x0000000087116b30) 
thrown [s\src\hotspot\share\prims\jni.cpp, line 539]
Event: 224.876 Thread 0x000001e77f261900 Exception <a 'java/net/ConnectException'{0x0000000087117388}: Connection refused: getsockopt> (0x0000000087117388) 
thrown [s\src\hotspot\share\prims\jni.cpp, line 539]
Event: 224.890 Thread 0x000001e77f261900 Exception <a 'java/net/ConnectException'{0x0000000087117be0}: Connection refused: getsockopt> (0x0000000087117be0) 
thrown [s\src\hotspot\share\prims\jni.cpp, line 539]
Event: 224.906 Thread 0x000001e77f261900 Exception <a 'java/net/ConnectException'{0x0000000087118438}: Connection refused: getsockopt> (0x0000000087118438) 
thrown [s\src\hotspot\share\prims\jni.cpp, line 539]
Event: 224.907 Thread 0x000001e77f261900 Exception <a 'java/net/ConnectException'{0x0000000087118c90}: Connection refused: getsockopt> (0x0000000087118c90) 
thrown [s\src\hotspot\share\prims\jni.cpp, line 539]
Event: 224.908 Thread 0x000001e77f261900 Exception <a 'java/net/ConnectException'{0x00000000871194e8}: Connection refused: getsockopt> (0x00000000871194e8) 
thrown [s\src\hotspot\share\prims\jni.cpp, line 539]
Event: 224.921 Thread 0x000001e77f261900 Exception <a 'java/net/ConnectException'{0x0000000087119d40}: Connection refused: getsockopt> (0x0000000087119d40) 
thrown [s\src\hotspot\share\prims\jni.cpp, line 539]
Event: 224.936 Thread 0x000001e77f261900 Exception <a 'java/net/ConnectException'{0x000000008711a598}: Connection refused: getsockopt> (0x000000008711a598) 
thrown [s\src\hotspot\share\prims\jni.cpp, line 539]
Event: 224.951 Thread 0x000001e77f261900 Exception <a 'java/net/ConnectException'{0x000000008711adf0}: Connection refused: getsockopt> (0x000000008711adf0) 
thrown [s\src\hotspot\share\prims\jni.cpp, line 539]
Event: 224.967 Thread 0x000001e77f261900 Exception <a 'java/net/ConnectException'{0x000000008711b648}: Connection refused: getsockopt> (0x000000008711b648) 
thrown [s\src\hotspot\share\prims\jni.cpp, line 539]
Event: 224.968 Thread 0x000001e77f261900 Exception <a 'java/net/ConnectException'{0x000000008711bea0}: Connection refused: getsockopt> (0x000000008711bea0) 
thrown [s\src\hotspot\share\prims\jni.cpp, line 539]
Event: 224.982 Thread 0x000001e77f261900 Exception <a 'java/net/ConnectException'{0x000000008711c6f8}: Connection refused: getsockopt> (0x000000008711c6f8) 
thrown [s\src\hotspot\share\prims\jni.cpp, line 539]
Event: 224.983 Thread 0x000001e77f261900 Exception <a 'java/net/ConnectException'{0x000000008711cf50}: Connection refused: getsockopt> (0x000000008711cf50) 
thrown [s\src\hotspot\share\prims\jni.cpp, line 539]
Event: 224.998 Thread 0x000001e77f261900 Exception <a 'java/net/ConnectException'{0x000000008711d7a8}: Connection refused: getsockopt> (0x000000008711d7a8) 
thrown [s\src\hotspot\share\prims\jni.cpp, line 539]
Event: 225.014 Thread 0x000001e77f261900 Exception <a 'java/net/ConnectException'{0x000000008711e000}: Connection refused: getsockopt> (0x000000008711e000) 
thrown [s\src\hotspot\share\prims\jni.cpp, line 539]
Event: 265.882 Thread 0x000001e77f264060 Exception <a 'sun/net/ConnectionResetException'{0x00000000872e7a38}: Connection reset> (0x00000000872e7a38) 
thrown [s\src\hotspot\share\prims\jni.cpp, line 539]

ZGC Phase Switch (0 events):
No events

VM Operations (20 events):
Event: 215.996 Executing VM operation: Cleanup done
Event: 217.004 Executing VM operation: Cleanup
Event: 217.005 Executing VM operation: Cleanup done
Event: 217.145 Executing VM operation: G1CollectForAllocation (G1 Evacuation Pause)
Event: 217.158 Executing VM operation: G1CollectForAllocation (G1 Evacuation Pause) done
Event: 218.168 Executing VM operation: Cleanup
Event: 218.168 Executing VM operation: Cleanup done
Event: 219.172 Executing VM operation: Cleanup
Event: 219.172 Executing VM operation: Cleanup done
Event: 221.186 Executing VM operation: Cleanup
Event: 221.186 Executing VM operation: Cleanup done
Event: 222.200 Executing VM operation: Cleanup
Event: 222.201 Executing VM operation: Cleanup done
Event: 225.231 Executing VM operation: Cleanup
Event: 225.231 Executing VM operation: Cleanup done
Event: 240.486 Executing VM operation: HandshakeAllThreads (HandshakeForDeflation)
Event: 240.486 Executing VM operation: HandshakeAllThreads (HandshakeForDeflation) done
Event: 240.486 Executing VM operation: RendezvousGCThreads
Event: 240.486 Executing VM operation: RendezvousGCThreads done
Event: 266.172 Executing VM operation: G1CollectForAllocation (G1 Evacuation Pause)

Memory protections (0 events):
No events

Nmethod flushes (0 events):
No events

Events (20 events):
Event: 220.171 Thread 0x000001e738bf65a0 Thread exited: 0x000001e738bf65a0
Event: 221.801 Thread 0x000001e738c3f080 Thread added: 0x000001e77f264060
Event: 224.502 Thread 0x000001e77f264060 Thread exited: 0x000001e77f264060
Event: 224.598 Thread 0x000001e738c3f080 Thread added: 0x000001e77f264060
Event: 224.634 Thread 0x000001e738c3f080 Thread added: 0x000001e77f2646f0
Event: 224.634 Thread 0x000001e738c3f080 Thread added: 0x000001e77f261900
Event: 224.634 Thread 0x000001e738c3f080 Thread added: 0x000001e738bf65a0
Event: 225.019 Thread 0x000001e738c3f080 Thread added: 0x000001e738bf37b0
Event: 225.023 Thread 0x000001e77f264060 Thread added: 0x000001e738bf6c30
Event: 225.025 Thread 0x000001e77f264060 Thread added: 0x000001e738bf4b60
Event: 227.181 Thread 0x000001e738bf5f10 Thread exited: 0x000001e738bf5f10
Event: 245.293 Thread 0x000001e738bf5880 Thread exited: 0x000001e738bf5880
Event: 245.293 Thread 0x000001e77f280a30 Thread exited: 0x000001e77f280a30
Event: 245.293 Thread 0x000001e77f27fd10 Thread exited: 0x000001e77f27fd10
Event: 245.697 Thread 0x000001e77f2858f0 Thread exited: 0x000001e77f2858f0
Event: 253.142 Thread 0x000001e77f286610 Thread exited: 0x000001e77f286610
Event: 253.142 Thread 0x000001e738c3e9f0 Thread exited: 0x000001e738c3e9f0
Event: 253.142 Thread 0x000001e738c3f710 Thread exited: 0x000001e738c3f710
Event: 254.834 Thread 0x000001e77f25d760 Thread exited: 0x000001e77f25d760
Event: 266.110 Thread 0x000001e738c3f080 Thread exited: 0x000001e738c3f080


Dynamic libraries:
0x00007ff6b8640000 - 0x00007ff6b864e000 	C:\Users\SandraSatheesh\.p2\pool\plugins\org.eclipse.justj.openjdk.hotspot.jre.full.win32.x86_64_21.0.8.v20250724-1412\jre\bin\javaw.exe
0x00007fff4afe0000 - 0x00007fff4b249000 	C:\Windows\SYSTEM32\ntdll.dll
0x00007fff4a3a0000 - 0x00007fff4a469000 	C:\Windows\System32\KERNEL32.DLL
0x00007fff48660000 - 0x00007fff48a53000 	C:\Windows\System32\KERNELBASE.dll
0x00007fff48170000 - 0x00007fff482bb000 	C:\Windows\System32\ucrtbase.dll
0x00007fff34560000 - 0x00007fff3457e000 	C:\Users\SandraSatheesh\.p2\pool\plugins\org.eclipse.justj.openjdk.hotspot.jre.full.win32.x86_64_21.0.8.v20250724-1412\jre\bin\VCRUNTIME140.dll
0x00007fff34e20000 - 0x00007fff34e38000 	C:\Users\SandraSatheesh\.p2\pool\plugins\org.eclipse.justj.openjdk.hotspot.jre.full.win32.x86_64_21.0.8.v20250724-1412\jre\bin\jli.dll
0x00007fff49900000 - 0x00007fff49ac4000 	C:\Windows\System32\USER32.dll
0x00007fff482c0000 - 0x00007fff482e7000 	C:\Windows\System32\win32u.dll
0x00007fff49500000 - 0x00007fff4952b000 	C:\Windows\System32\GDI32.dll
0x00007fff34960000 - 0x00007fff34bf3000 	C:\Windows\WinSxS\amd64_microsoft.windows.common-controls_6595b64144ccf1df_6.0.26100.5074_none_3e0d6f78e32fd63f\COMCTL32.dll
0x00007fff48c80000 - 0x00007fff48dad000 	C:\Windows\System32\gdi32full.dll
0x00007fff48460000 - 0x00007fff48503000 	C:\Windows\System32\msvcp_win.dll
0x00007fff4abd0000 - 0x00007fff4ac79000 	C:\Windows\System32\msvcrt.dll
0x00007fff4a8d0000 - 0x00007fff4a8ff000 	C:\Windows\System32\IMM32.DLL
0x00007fff43db0000 - 0x00007fff43dbc000 	C:\Users\SandraSatheesh\.p2\pool\plugins\org.eclipse.justj.openjdk.hotspot.jre.full.win32.x86_64_21.0.8.v20250724-1412\jre\bin\vcruntime140_1.dll
0x00007ffefaf60000 - 0x00007ffefafed000 	C:\Users\SandraSatheesh\.p2\pool\plugins\org.eclipse.justj.openjdk.hotspot.jre.full.win32.x86_64_21.0.8.v20250724-1412\jre\bin\msvcp140.dll
0x00007ffee1b40000 - 0x00007ffee28d7000 	C:\Users\SandraSatheesh\.p2\pool\plugins\org.eclipse.justj.openjdk.hotspot.jre.full.win32.x86_64_21.0.8.v20250724-1412\jre\bin\server\jvm.dll
0x00007fff4ae50000 - 0x00007fff4af04000 	C:\Windows\System32\ADVAPI32.dll
0x00007fff4ac80000 - 0x00007fff4ad26000 	C:\Windows\System32\sechost.dll
0x00007fff4a280000 - 0x00007fff4a398000 	C:\Windows\System32\RPCRT4.dll
0x00007fff4ad30000 - 0x00007fff4ada4000 	C:\Windows\System32\WS2_32.dll
0x00007fff47fd0000 - 0x00007fff4802e000 	C:\Windows\SYSTEM32\POWRPROF.dll
0x00007fff37c50000 - 0x00007fff37c5b000 	C:\Windows\SYSTEM32\VERSION.dll
0x00007fff35a30000 - 0x00007fff35a65000 	C:\Windows\SYSTEM32\WINMM.dll
0x00007fff47fb0000 - 0x00007fff47fc4000 	C:\Windows\SYSTEM32\UMPDC.dll
0x00007fff46de0000 - 0x00007fff46dfb000 	C:\Windows\SYSTEM32\kernel.appcore.dll
0x00007ffee1b00000 - 0x00007ffee1b0a000 	C:\Users\SandraSatheesh\.p2\pool\plugins\org.eclipse.justj.openjdk.hotspot.jre.full.win32.x86_64_21.0.8.v20250724-1412\jre\bin\jimage.dll
0x00007fff45550000 - 0x00007fff45792000 	C:\Windows\SYSTEM32\DBGHELP.DLL
0x00007fff49580000 - 0x00007fff498fb000 	C:\Windows\System32\combase.dll
0x00007fff4aaf0000 - 0x00007fff4abc7000 	C:\Windows\System32\OLEAUT32.dll
0x00007fff285f0000 - 0x00007fff2862d000 	C:\Windows\SYSTEM32\dbgcore.DLL
0x00007fff48a60000 - 0x00007fff48af9000 	C:\Windows\System32\bcryptPrimitives.dll
0x00007ffee1ae0000 - 0x00007ffee1aff000 	C:\Users\SandraSatheesh\.p2\pool\plugins\org.eclipse.justj.openjdk.hotspot.jre.full.win32.x86_64_21.0.8.v20250724-1412\jre\bin\java.dll
0x00007fff48db0000 - 0x00007fff494fd000 	C:\Windows\System32\SHELL32.dll
0x00007fff482f0000 - 0x00007fff4845c000 	C:\Windows\System32\wintypes.dll
0x00007fff45a50000 - 0x00007fff462a9000 	C:\Windows\SYSTEM32\windows.storage.dll
0x00007fff4a680000 - 0x00007fff4a770000 	C:\Windows\System32\SHCORE.dll
0x00007fff4adb0000 - 0x00007fff4ae12000 	C:\Windows\System32\shlwapi.dll
0x00007fff48090000 - 0x00007fff480b9000 	C:\Windows\SYSTEM32\profapi.dll
0x00007ffee1ac0000 - 0x00007ffee1ad8000 	C:\Users\SandraSatheesh\.p2\pool\plugins\org.eclipse.justj.openjdk.hotspot.jre.full.win32.x86_64_21.0.8.v20250724-1412\jre\bin\zip.dll
0x00007ffee1ab0000 - 0x00007ffee1ac0000 	C:\Users\SandraSatheesh\.p2\pool\plugins\org.eclipse.justj.openjdk.hotspot.jre.full.win32.x86_64_21.0.8.v20250724-1412\jre\bin\net.dll
0x00007fff46e00000 - 0x00007fff46f1f000 	C:\Windows\SYSTEM32\WINHTTP.dll
0x00007fff47470000 - 0x00007fff474db000 	C:\Windows\system32\mswsock.dll
0x00007ffee1a90000 - 0x00007ffee1aa6000 	C:\Users\SandraSatheesh\.p2\pool\plugins\org.eclipse.justj.openjdk.hotspot.jre.full.win32.x86_64_21.0.8.v20250724-1412\jre\bin\nio.dll
0x00007fff43e40000 - 0x00007fff43e50000 	C:\Users\SandraSatheesh\.p2\pool\plugins\org.eclipse.justj.openjdk.hotspot.jre.full.win32.x86_64_21.0.8.v20250724-1412\jre\bin\verify.dll
0x00007fff465b0000 - 0x00007fff466d6000 	C:\Windows\SYSTEM32\DNSAPI.dll
0x00007fff46570000 - 0x00007fff465a4000 	C:\Windows\SYSTEM32\IPHLPAPI.DLL
0x00007fff4ae20000 - 0x00007fff4ae2a000 	C:\Windows\System32\NSI.dll
0x00007fff3db20000 - 0x00007fff3db2b000 	C:\Windows\System32\rasadhlp.dll
0x00007fff3ecc0000 - 0x00007fff3ed46000 	C:\Windows\System32\fwpuclnt.dll
0x00007fff13c10000 - 0x00007fff13c19000 	C:\Users\SandraSatheesh\.p2\pool\plugins\org.eclipse.justj.openjdk.hotspot.jre.full.win32.x86_64_21.0.8.v20250724-1412\jre\bin\extnet.dll
0x00007fff47840000 - 0x00007fff4785b000 	C:\Windows\SYSTEM32\CRYPTSP.dll
0x00007fff46d40000 - 0x00007fff46d7b000 	C:\Windows\system32\rsaenh.dll
0x00007fff47510000 - 0x00007fff4753b000 	C:\Windows\SYSTEM32\USERENV.dll
0x00007fff48060000 - 0x00007fff48086000 	C:\Windows\SYSTEM32\bcrypt.dll
0x00007fff476a0000 - 0x00007fff476ac000 	C:\Windows\SYSTEM32\CRYPTBASE.dll
0x00007fff43e30000 - 0x00007fff43e3e000 	C:\Users\SandraSatheesh\.p2\pool\plugins\org.eclipse.justj.openjdk.hotspot.jre.full.win32.x86_64_21.0.8.v20250724-1412\jre\bin\sunmscapi.dll
0x00007fff48b00000 - 0x00007fff48c77000 	C:\Windows\System32\CRYPT32.dll
0x00007fff47990000 - 0x00007fff479c0000 	C:\Windows\SYSTEM32\ncrypt.dll
0x00007fff47940000 - 0x00007fff4797f000 	C:\Windows\SYSTEM32\NTASN1.dll
0x00007fff23420000 - 0x00007fff23428000 	C:\Windows\system32\wshunix.dll
0x00007fff37cf0000 - 0x00007fff37cfa000 	C:\Users\SandraSatheesh\.p2\pool\plugins\org.eclipse.justj.openjdk.hotspot.jre.full.win32.x86_64_21.0.8.v20250724-1412\jre\bin\management.dll
0x00007fff36720000 - 0x00007fff3672b000 	C:\Users\SandraSatheesh\.p2\pool\plugins\org.eclipse.justj.openjdk.hotspot.jre.full.win32.x86_64_21.0.8.v20250724-1412\jre\bin\management_ext.dll
0x00007fff4a670000 - 0x00007fff4a678000 	C:\Windows\System32\PSAPI.DLL
0x00007ffefe9d0000 - 0x00007ffefe9e8000 	C:\Windows\system32\napinsp.dll
0x00007ffef3410000 - 0x00007ffef3422000 	C:\Windows\System32\winrnr.dll
0x00007ffef1870000 - 0x00007ffef1898000 	C:\Windows\system32\nlansp_c.dll
0x00007fff3b0e0000 - 0x00007fff3b0f6000 	C:\Windows\system32\wshbth.dll

JVMTI agents: none

dbghelp: loaded successfully - version: 4.0.5 - missing functions: none
symbol engine: initialized successfully - sym options: 0x614 - pdb path: .;C:\Users\SandraSatheesh\.p2\pool\plugins\org.eclipse.justj.openjdk.hotspot.jre.full.win32.x86_64_21.0.8.v20250724-1412\jre\bin;C:\Windows\SYSTEM32;C:\Windows\WinSxS\amd64_microsoft.windows.common-controls_6595b64144ccf1df_6.0.26100.5074_none_3e0d6f78e32fd63f;C:\Users\SandraSatheesh\.p2\pool\plugins\org.eclipse.justj.openjdk.hotspot.jre.full.win32.x86_64_21.0.8.v20250724-1412\jre\bin\server

VM Arguments:
jvm_args: -ea -Dfile.encoding=UTF-8 -Dstdout.encoding=UTF-8 -Dstderr.encoding=UTF-8 -XX:+ShowCodeDetailsInExceptionMessages 
java_command: org.testng.remote.RemoteTestNG -serport 50650 -protocol json -d C:\Users\SandraSatheesh\OneDrive - Testing Mavens LLC\Desktop\Eclipse\GroceryApplications\test-output C:\Users\SandraSatheesh\OneDrive - Testing Mavens LLC\Desktop\Eclipse\GroceryApplications\parallel.xml
java_class_path (initial): C:\Users\SandraSatheesh\eclipse\java-2025-06\eclipse\configuration\org.eclipse.osgi\781\0\.cp\lib\testng-remote.jar;C:\Users\SandraSatheesh\OneDrive - Testing Mavens LLC\Desktop\Eclipse\GroceryApplications\target\test-classes;C:\Users\SandraSatheesh\OneDrive - Testing Mavens LLC\Desktop\Eclipse\GroceryApplications\target\classes;C:\Users\SandraSatheesh\.m2\repository\org\seleniumhq\selenium\selenium-java\4.27.0\selenium-java-4.27.0.jar;C:\Users\SandraSatheesh\.m2\repository\org\seleniumhq\selenium\selenium-api\4.27.0\selenium-api-4.27.0.jar;C:\Users\SandraSatheesh\.m2\repository\org\jspecify\jspecify\1.0.0\jspecify-1.0.0.jar;C:\Users\SandraSatheesh\.m2\repository\org\seleniumhq\selenium\selenium-chrome-driver\4.27.0\selenium-chrome-driver-4.27.0.jar;C:\Users\SandraSatheesh\.m2\repository\com\google\auto\service\auto-service-annotations\1.1.1\auto-service-annotations-1.1.1.jar;C:\Users\SandraSatheesh\.m2\repository\org\seleniumhq\selenium\selenium-chromium-driver\4.27.0\selenium-chromium-driver-4.27.0.jar;C:\Users\SandraSatheesh\.m2\repository\org\seleniumhq\selenium\selenium-json\4.27.0\selenium-json-4.27.0.jar;C:\Users\SandraSatheesh\.m2\repository\org\seleniumhq\selenium\selenium-manager\4.27.0\selenium-manager-4.27.0.jar;C:\Users\SandraSatheesh\.m2\repository\org\seleniumhq\selenium\selenium-devtools-v129\4.27.0\selenium-devtools-v129-4.27.0.jar;C:\Users\SandraSatheesh\.m2\repository\org\seleniumhq\selenium\selenium-devtools-v130\4.27.0\selenium-devtools-v130-4.27.0.jar;C:\Users\SandraSatheesh\.m2\repository\org\seleniumhq\selenium\selenium-devtools-v131\4.27.0\selenium-devtools-v131-4.27.0.jar;C:\Users\SandraSatheesh\.m2\repository\org\seleniumhq\selenium\selenium-devtools-v85\4.27.0\selenium-devtools-v85-4.27.0.jar;C:\Users\SandraSatheesh\.m2\repository\org\seleniumhq\selenium\selenium-edge-driver\4.27.0\selenium-edge-driver-4.27.0.jar;C:\Users\SandraSatheesh\.m2\repository\org\seleniumhq\selenium\selenium-firefox-driver\4.27.0\selenium-firefox-driver-4.27.0.jar;C:\Users\SandraSatheesh\.m2\repository\org\seleniumhq\selenium\selenium-http\4.27.0\selenium-http-4.27.0.jar;C:\Users\SandraSatheesh\.m2\repository\dev\failsafe\failsafe\3.3.2\failsafe-3.3.2.jar;C:\Users\SandraSatheesh\.m2\repository\org\seleniumhq\selenium\selenium-ie-driver\4.27.0\selenium-ie-driver-4.27.0.jar;C:\Users\SandraSatheesh\.m2\repository\org\seleniumhq\selenium\selenium-remote-driver\4.27.0\selenium-remote-driver-4.27.0.jar;C:\Users\SandraSatheesh\.m2\repository\com\google\guava\guava\33.3.1-jre\guava-33.3.1-jre.jar;C:\Users\SandraSatheesh\.m2\repository\com\google\guava\failureaccess\1.0.2\failureaccess-1.0.2.jar;C:\Users\SandraSatheesh\.m2\repository\com\google\guava\listenablefuture\9999.0-empty-to-avoid-conflict-with-guava\listenablefuture-9999.0-empty-to-avoid-conflict-with-guava.jar;C:\Users\SandraSatheesh\.m2\repository\com\google\code\findbugs\jsr305\3.0.2\jsr305-3.0.2.jar;C:\Users\SandraSatheesh\.m2\repository\org\checkerframework\checker-qual\3.43.0\checker-qual-3.43.0.jar;C:\Users\SandraSatheesh\.m2\repository\com\google\errorprone\error_prone_annotations\2.28.0\error_prone_annotations-2.28.0.jar;C:\Users\SandraSatheesh\.m2\repository\com\google\j2objc\j2objc-annotations\3.0.0\j2objc-annotations-3.0.0.jar;C:\Users\SandraSatheesh\.m2\repository\io\opentelemetry\semconv\opentelemetry-semconv\1.25.0-alpha\opentelemetry-semconv-1.25.0-alpha.jar;C:\Users\SandraSatheesh\.m2\repository\io\opentelemetry\opentelemetry-api\1.44.1\opentelemetry-api-1.44.1.jar;C:\Users\SandraSatheesh\.m2\repository\io\opentelemetry\opentelemetry-context\1.44.1\opentelemetry-context-1.44.1.jar;C:\Users\SandraSatheesh\.m2\repository\io\opentelemetry\opentelemetry-exporter-logging\1.44.1\opentelemetry-exporter-logging-1.44.1.jar;C:\Users\SandraSatheesh\.m2\repository\io\opentelemetry\opentelemetry-sdk-common\1.44.1\opentelemetry-sdk-common-1.44.1.jar;C:\Users\SandraSatheesh\.m2\repository\io\opentelemetry\opentelemetry-sdk-extension-autoconfigure-spi\1.44.1\opentelemetry-sdk-extension-autoconfigure-spi-1.44.1.jar;C:\Users\SandraSatheesh\.m2\repository\io\opentelemetry\opentelemetry-sdk-extension-autoconfigure\1.44.1\opentelemetry-sdk-extension-autoconfigure-1.44.1.jar;C:\Users\SandraSatheesh\.m2\repository\io\opentelemetry\opentelemetry-api-incubator\1.44.1-alpha\opentelemetry-api-incubator-1.44.1-alpha.jar;C:\Users\SandraSatheesh\.m2\repository\io\opentelemetry\opentelemetry-sdk-trace\1.44.1\opentelemetry-sdk-trace-1.44.1.jar;C:\Users\SandraSatheesh\.m2\repository\io\opentelemetry\opentelemetry-sdk\1.44.1\opentelemetry-sdk-1.44.1.jar;C:\Users\SandraSatheesh\.m2\repository\io\opentelemetry\opentelemetry-sdk-metrics\1.44.1\opentelemetry-sdk-metrics-1.44.1.jar;C:\Users\SandraSatheesh\.m2\repository\io\opentelemetry\opentelemetry-sdk-logs\1.44.1\opentelemetry-sdk-logs-1.44.1.jar;C:\Users\SandraSatheesh\.m2\repository\net\bytebuddy\byte-buddy\1.15.10\byte-buddy-1.15.10.jar;C:\Users\SandraSatheesh\.m2\repository\org\seleniumhq\selenium\selenium-os\4.27.0\selenium-os-4.27.0.jar;C:\Users\SandraSatheesh\.m2\repository\org\apache\commons\commons-exec\1.4.0\commons-exec-1.4.0.jar;C:\Users\SandraSatheesh\.m2\repository\org\seleniumhq\selenium\selenium-safari-driver\4.27.0\selenium-safari-driver-4.27.0.jar;C:\Users\SandraSatheesh\.m2\repository\org\seleniumhq\selenium\selenium-support\4.27.0\selenium-support-4.27.0.jar;C:\Users\SandraSatheesh\.m2\repository\org\testng\testng\7.10.2\testng-7.10.2.jar;C:\Users\SandraSatheesh\.m2\repository\org\slf4j\slf4j-api\1.7.36\slf4j-api-1.7.36.jar;C:\Users\SandraSatheesh\.m2\repository\com\beust\jcommander\1.82\jcommander-1.82.jar;C:\Users\SandraSatheesh\.m2\repository\org\webjars\jquery\3.7.1\jquery-3.7.1.jar;C:\Users\SandraSatheesh\.m2\repository\org\apache\poi\poi\5.2.3\poi-5.2.3.jar;C:\Users\SandraSatheesh\.m2\repository\commons-codec\commons-codec\1.15\commons-codec-1.15.jar;C:\Users\SandraSatheesh\.m2\repository\org\apache\commons\commons-collections4\4.4\commons-collections4-4.4.jar;C:\Users\SandraSatheesh\.m2\repository\org\apache\commons\commons-math3\3.6.1\commons-math3-3.6.1.jar;C:\Users\SandraSatheesh\.m2\repository\commons-io\commons-io\2.11.0\commons-io-2.11.0.jar;C:\Users\SandraSatheesh\.m2\repository\com\zaxxer\SparseBitSet\1.2\SparseBitSet-1.2.jar;C:\Users\SandraSatheesh\.m2\repository\org\apache\logging\log4j\log4j-api\2.18.0\log4j-api-2.18.0.jar;C:\Users\SandraSatheesh\.m2\repository\org\apache\poi\poi-ooxml\5.2.3\poi-ooxml-5.2.3.jar;C:\Users\SandraSatheesh\.m2\repository\org\apache\poi\poi-ooxml-lite\5.2.3\poi-ooxml-lite-5.2.3.jar;C:\Users\SandraSatheesh\.m2\repository\org\apache\xmlbeans\xmlbeans\5.1.1\xmlbeans-5.1.1.jar;C:\Users\SandraSatheesh\.m2\repository\org\apache\commons\commons-compress\1.21\commons-compress-1.21.jar;C:\Users\SandraSatheesh\.m2\repository\com\github\virtuald\curvesapi\1.07\curvesapi-1.07.jar;C:\Users\SandraSatheesh\.m2\repository\com\github\javafaker\javafaker\0.15\javafaker-0.15.jar;C:\Users\SandraSatheesh\.m2\repository\org\apache\commons\commons-lang3\3.5\commons-lang3-3.5.jar;C:\Users\SandraSatheesh\.m2\repository\org\yaml\snakeyaml\1.20\snakeyaml-1.20-android.jar;C:\Users\SandraSatheesh\.m2\repository\com\github\mifmif\generex\1.0.2\generex-1.0.2.jar;C:\Users\SandraSatheesh\.m2\repository\dk\brics\automaton\automaton\1.11-8\automaton-1.11-8.jar;C:\Users\SandraSatheesh\.m2\repository\com\aventstack\extentreports\5.0.9\extentreports-5.0.9.jar;C:\Users\SandraSatheesh\.m2\repository\io\reactivex\rxjava3\rxjava\3.0.4\rxjava-3.0.4.jar;C:\Users\SandraSatheesh\.m2\repository\org\reactivestreams\reactive-streams\1.0.3\reactive-streams-1.0.3.jar;C:\Users\SandraSatheesh\.m2\repository\org\freemarker\freemarker\2.3.30\freemarker-2.3.30.jar;C:\Users\SandraSatheesh\.m2\repository\org\projectlombok\lombok\1.18.12\lombok-1.18.12.jar;C:\Users\SandraSatheesh\.m2\repository\com\google\code\gson\gson\2.8.6\gson-2.8.6.jar;C:\Users\SandraSatheesh\.m2\repository\io\github\bonigarcia\webdrivermanager\6.2.0\webdrivermanager-6.2.0.jar;C:\Users\SandraSatheesh\.m2\repository\com\github\docker-java\docker-java\3.5.3\docker-java-3.5.3.jar;C:\Users\SandraSatheesh\.m2\repository\com\github\docker-java\docker-java-core\3.5.3\docker-java-core-3.5.3.jar;C:\Users\SandraSatheesh\.m2\repository\com\github\docker-java\docker-java-api\3.5.3\docker-java-api-3.5.3.jar;C:\Users\SandraSatheesh\.m2\repository\com\fasterxml\jackson\core\jackson-annotations\2.18.4\jackson-annotations-2.18.4.jar;C:\Users\SandraSatheesh\.m2\repository\com\fasterxml\jackson\core\jackson-databind\2.18.4\jackson-databind-2.18.4.jar;C:\Users\SandraSatheesh\.m2\repository\com\fasterxml\jackson\core\jackson-core\2.18.4\jackson-core-2.18.4.jar;C:\Users\SandraSatheesh\.m2\repository\org\slf4j\jcl-over-slf4j\1.7.30\jcl-over-slf4j-1.7.30.jar;C:\Users\SandraSatheesh\.m2\repository\com\github\docker-java\docker-java-transport-httpclient5\3.5.3\docker-java-transport-httpclient5-3.5.3.jar;C:\Users\SandraSatheesh\.m2\repository\com\github\docker-java\docker-java-transport\3.5.3\docker-java-transport-3.5.3.jar;C:\Users\SandraSatheesh\.m2\repository\net\java\dev\jna\jna\5.17.0\jna-5.17.0.jar;C:\Users\SandraSatheesh\.m2\repository\org\brotli\dec\0.1.2\dec-0.1.2.jar;C:\Users\SandraSatheesh\.m2\repository\org\apache\httpcomponents\client5\httpclient5\5.4.3\httpclient5-5.4.3.jar;C:\Users\SandraSatheesh\.m2\repository\org\apache\httpcomponents\core5\httpcore5\5.3.4\httpcore5-5.3.4.jar;C:\Users\SandraSatheesh\.m2\repository\org\apache\httpcomponents\core5\httpcore5-h2\5.3.4\httpcore5-h2-5.3.4.jar;C:\Users\SandraSatheesh\.m2\repository\net\java\dev\jna\jna-platform\5.17.0\jna-platform-5.17.0.jar;C:\Users\SandraSatheesh\OneDrive - Testing Mavens LLC\Desktop\Eclipse\AutomationCourse\target\classes;C:\Users\SandraSatheesh\.m2\repository\org\apache\logging\log4j\log4j-core\2.20.0\log4j-core-2.20.0.jar;C:\Users\SandraSatheesh\.m2\repository\org\slf4j\slf4j-simple\2.0.9\slf4j-simple-2.0.9.jar
Launcher Type: SUN_STANDARD

[Global flags]
     intx CICompilerCount                          = 4                                         {product} {ergonomic}
     uint ConcGCThreads                            = 2                                         {product} {ergonomic}
     uint G1ConcRefinementThreads                  = 8                                         {product} {ergonomic}
   size_t G1HeapRegionSize                         = 1048576                                   {product} {ergonomic}
    uintx GCDrainStackTargetSize                   = 64                                        {product} {ergonomic}
   size_t InitialHeapSize                          = 130023424                                 {product} {ergonomic}
   size_t MarkStackSize                            = 4194304                                   {product} {ergonomic}
   size_t MaxHeapSize                              = 2069889024                                {product} {ergonomic}
   size_t MaxNewSize                               = 1241513984                                {product} {ergonomic}
   size_t MinHeapDeltaBytes                        = 1048576                                   {product} {ergonomic}
   size_t MinHeapSize                              = 8388608                                   {product} {ergonomic}
    uintx NonNMethodCodeHeapSize                   = 5839372                                {pd product} {ergonomic}
    uintx NonProfiledCodeHeapSize                  = 122909434                              {pd product} {ergonomic}
    uintx ProfiledCodeHeapSize                     = 122909434                              {pd product} {ergonomic}
    uintx ReservedCodeCacheSize                    = 251658240                              {pd product} {ergonomic}
     bool SegmentedCodeCache                       = true                                      {product} {ergonomic}
     bool ShowCodeDetailsInExceptionMessages       = true                                   {manageable} {command line}
   size_t SoftMaxHeapSize                          = 2069889024                             {manageable} {ergonomic}
     bool UseCompressedOops                        = true                           {product lp64_product} {ergonomic}
     bool UseG1GC                                  = true                                      {product} {ergonomic}
     bool UseLargePagesIndividualAllocation        = false                                  {pd product} {ergonomic}

Logging:
Log output configuration:
 #0: stdout all=warning uptime,level,tags foldmultilines=false
 #1: stderr all=off uptime,level,tags foldmultilines=false

Environment Variables:
JAVA_HOME=C:\Program Files\Java\jdk-21
PATH=C:/Users/SandraSatheesh/.p2/pool/plugins/org.eclipse.justj.openjdk.hotspot.jre.full.win32.x86_64_21.0.8.v20250724-1412/jre/bin/server;C:/Users/SandraSatheesh/.p2/pool/plugins/org.eclipse.justj.openjdk.hotspot.jre.full.win32.x86_64_21.0.8.v20250724-1412/jre/bin;C:\Windows\system32;C:\Windows;C:\Windows\System32\Wbem;C:\Windows\System32\WindowsPowerShell\v1.0\;C:\Windows\System32\OpenSSH\;C:\Program Files\WindowsPowerShell\Scripts;C:\Program Files\Java\jdk-21\bin;C:\Program Files\Git\cmd;C:\Program Files\nodejs\;C:\Users\SandraSatheesh\AppData\Local\Microsoft\WindowsApps;C:\Program Files\Java\jdk-21\bin;C:\Users\SandraSatheesh\AppData\Roaming\npm;C:\Users\SandraSatheesh\AppData\Local\Programs\Microsoft VS Code\bin;C:\Users\SandraSatheesh\OneDrive - Testing Mavens LLC\Desktop;
USERNAME=SandraSatheesh
OS=Windows_NT
PROCESSOR_IDENTIFIER=Intel64 Family 6 Model 140 Stepping 1, GenuineIntel
TMP=C:\Users\SANDRA~1\AppData\Local\Temp
TEMP=C:\Users\SANDRA~1\AppData\Local\Temp




Periodic native trim disabled

---------------  S Y S T E M  ---------------

OS:
 Windows 11 , 64 bit Build 26100 (10.0.26100.5074)
OS uptime: 2 days 9:03 hours
Hyper-V role detected

CPU: total 8 (initial active 8) (4 cores per cpu, 2 threads per core) family 6 model 140 stepping 1 microcode 0x86, cx8, cmov, fxsr, ht, mmx, 3dnowpref, sse, sse2, sse3, ssse3, sse4.1, sse4.2, popcnt, lzcnt, tsc, tscinvbit, avx, avx2, aes, erms, clmul, bmi1, bmi2, adx, avx512f, avx512dq, avx512cd, avx512bw, avx512vl, sha, fma, vzeroupper, avx512_vpopcntdq, avx512_vpclmulqdq, avx512_vaes, avx512_vnni, clflush, clflushopt, clwb, avx512_vbmi2, avx512_vbmi, hv, rdtscp, rdpid, fsrm, gfni, avx512_bitalg, f16c, cet_ibt, cet_ss, avx512_ifma
Processor Information for processor 0
  Max Mhz: 2419, Current Mhz: 1209, Mhz Limit: 2419
Processor Information for processor 1
  Max Mhz: 2419, Current Mhz: 2419, Mhz Limit: 2419
Processor Information for processor 2
  Max Mhz: 2419, Current Mhz: 1209, Mhz Limit: 2419
Processor Information for processor 3
  Max Mhz: 2419, Current Mhz: 1209, Mhz Limit: 2419
Processor Information for processor 4
  Max Mhz: 2419, Current Mhz: 1209, Mhz Limit: 2419
Processor Information for processor 5
  Max Mhz: 2419, Current Mhz: 1209, Mhz Limit: 2419
Processor Information for processor 6
  Max Mhz: 2419, Current Mhz: 1209, Mhz Limit: 2419
Processor Information for processor 7
  Max Mhz: 2419, Current Mhz: 1209, Mhz Limit: 2419

Memory: 4k page, system-wide physical 7890M (1629M free)
TotalPageFile size 32466M (AvailPageFile size 0M)
current process WorkingSet (physical memory assigned to process): 115M, peak: 135M
current process commit charge ("private bytes"): 212M, peak: 253M

vm_info: OpenJDK 64-Bit Server VM (21.0.8+9-LTS) for windows-amd64 JRE (21.0.8+9-LTS), built on 2025-07-15T00:00:00Z by "admin" with MS VC++ 17.7 (VS2022)

END.
